<?xml version="1.0" encoding="UTF-8"?>
<!-- Generated by org.testng.reporters.JUnitXMLReporter -->
<testsuite ignored="0" hostname="DMatrix" failures="1" tests="8" name="Surefire test" time="38.133" errors="0" timestamp="2025-02-28T09:03:06 IST">
  <testcase classname="io.cucumber.testng.AbstractTestNGCucumberTests" name="runScenario" time="11.465"/>
  <testcase classname="dhaneshproject.tests.ErrorValidationTest" name="loginErrorValidation" time="1.165"/>
  <testcase classname="dhaneshproject.tests.ErrorValidationTest" name="productErrorValidation" time="3.224"/>
  <testcase classname="dhaneshproject.tests.SampleTest" name="getHandle" time="3.359"/>
  <testcase classname="dhaneshproject.tests.SampleTest" name="getTitle" time="3.457"/>
  <testcase classname="dhaneshproject.tests.SubmitOrderTest" name="submitOrder" time="4.525"/>
  <testcase classname="dhaneshproject.tests.SubmitOrderTest" name="submitOrder" time="0.841">
    <failure type="java.lang.NullPointerException" message="Cannot invoke &amp;quot;org.openqa.selenium.WebElement.findElement(org.openqa.selenium.By)&amp;quot; because &amp;quot;prod&amp;quot; is null">
      <![CDATA[java.lang.NullPointerException: Cannot invoke "org.openqa.selenium.WebElement.findElement(org.openqa.selenium.By)" because "prod" is null
at dhaneshproject.pageobjects.ProductCatalogue.addProductToCart(ProductCatalogue.java:55)
at dhaneshproject.tests.SubmitOrderTest.submitOrder(SubmitOrderTest.java:33)
at java.base/java.util.ArrayList.forEach(ArrayList.java:1511)
... Removed 32 stack frames]]>
    </failure>
  </testcase> <!-- submitOrder -->
  <testcase classname="dhaneshproject.tests.SubmitOrderTest" name="orderHistory" time="0.0">
    <skipped/>
  </testcase> <!-- orderHistory -->
</testsuite> <!-- Surefire test -->
